<?xml version="1.0" encoding="UTF-8"?>
<!-- Generated by org.testng.reporters.JUnitXMLReporter -->
<testsuite ignored="0" hostname="DESKTOP-H89CJ7B" failures="2" tests="7" name="SIPINterface" time="810.389" errors="0" timestamp="2024-03-26T21:17:54 IST">
  <testcase classname="SeleniumDemo.project1.SIPInterfaceSuite" name="AddMultipleDeleteAll" time="127.356">
    <failure type="org.openqa.selenium.ElementClickInterceptedException" message="element click intercepted: Element &amp;lt;span class=&amp;quot;oj-button-icon oj-end oj-component-icon oj-button-menu-dropdown-icon&amp;quot; slot=&amp;quot;endIcon&amp;quot;&amp;gt;&amp;lt;/span&amp;gt; is not clickable at point (994, 16). Other element would receive the click: &amp;lt;div class=&amp;quot;oj-button-label&amp;quot;&amp;gt;...&amp;lt;/div&amp;gt;
  (Session info: chrome=122.0.6261.131)
Build info: version: &amp;apos;4.18.1&amp;apos;, revision: &amp;apos;b1d3319b48&amp;apos;
System info: os.name: &amp;apos;Windows 11&amp;apos;, os.arch: &amp;apos;amd64&amp;apos;, os.version: &amp;apos;10.0&amp;apos;, java.version: &amp;apos;17.0.10&amp;apos;
Driver info: org.openqa.selenium.chrome.ChromeDriver
Command: [51f6f994a2d7182724fb9faa2ae3cdbb, clickElement {id=94050105F61D744EF6E1E4895652F3D7_element_2128}]
Capabilities {acceptInsecureCerts: false, browserName: chrome, browserVersion: 122.0.6261.131, chrome: {chromedriverVersion: 121.0.6167.85 (3f98d690ad7e..., userDataDir: C:\Users\admin\AppData\Loca...}, fedcm:accounts: true, goog:chromeOptions: {debuggerAddress: localhost:64018}, networkConnectionEnabled: false, pageLoadStrategy: normal, platformName: windows, proxy: Proxy(), se:cdp: ws://localhost:64018/devtoo..., se:cdpVersion: 122.0.6261.131, setWindowRect: true, strictFileInteractability: false, timeouts: {implicit: 0, pageLoad: 300000, script: 30000}, unhandledPromptBehavior: dismiss and notify, webauthn:extension:credBlob: true, webauthn:extension:largeBlob: true, webauthn:extension:minPinLength: true, webauthn:extension:prf: true, webauthn:virtualAuthenticators: true}
Element: [[ChromeDriver: chrome on windows (51f6f994a2d7182724fb9faa2ae3cdbb)] -&amp;gt; xpath: //button[@aria-label=&amp;apos;admin menu&amp;apos;]//span[@class=&amp;apos;oj-button-icon oj-end oj-component-icon oj-button-menu-dropdown-icon&amp;apos;]]
Session ID: 51f6f994a2d7182724fb9faa2ae3cdbb">
      <![CDATA[org.openqa.selenium.ElementClickInterceptedException: element click intercepted: Element <span class="oj-button-icon oj-end oj-component-icon oj-button-menu-dropdown-icon" slot="endIcon"></span> is not clickable at point (994, 16). Other element would receive the click: <div class="oj-button-label">...</div>
  (Session info: chrome=122.0.6261.131)
Build info: version: '4.18.1', revision: 'b1d3319b48'
System info: os.name: 'Windows 11', os.arch: 'amd64', os.version: '10.0', java.version: '17.0.10'
Driver info: org.openqa.selenium.chrome.ChromeDriver
Command: [51f6f994a2d7182724fb9faa2ae3cdbb, clickElement {id=94050105F61D744EF6E1E4895652F3D7_element_2128}]
Capabilities {acceptInsecureCerts: false, browserName: chrome, browserVersion: 122.0.6261.131, chrome: {chromedriverVersion: 121.0.6167.85 (3f98d690ad7e..., userDataDir: C:\Users\admin\AppData\Loca...}, fedcm:accounts: true, goog:chromeOptions: {debuggerAddress: localhost:64018}, networkConnectionEnabled: false, pageLoadStrategy: normal, platformName: windows, proxy: Proxy(), se:cdp: ws://localhost:64018/devtoo..., se:cdpVersion: 122.0.6261.131, setWindowRect: true, strictFileInteractability: false, timeouts: {implicit: 0, pageLoad: 300000, script: 30000}, unhandledPromptBehavior: dismiss and notify, webauthn:extension:credBlob: true, webauthn:extension:largeBlob: true, webauthn:extension:minPinLength: true, webauthn:extension:prf: true, webauthn:virtualAuthenticators: true}
Element: [[ChromeDriver: chrome on windows (51f6f994a2d7182724fb9faa2ae3cdbb)] -> xpath: //button[@aria-label='admin menu']//span[@class='oj-button-icon oj-end oj-component-icon oj-button-menu-dropdown-icon']]
Session ID: 51f6f994a2d7182724fb9faa2ae3cdbb
at org.openqa.selenium.remote.ErrorCodec.decode(ErrorCodec.java:167)
at org.openqa.selenium.remote.codec.w3c.W3CHttpResponseCodec.decode(W3CHttpResponseCodec.java:138)
at org.openqa.selenium.remote.codec.w3c.W3CHttpResponseCodec.decode(W3CHttpResponseCodec.java:50)
at org.openqa.selenium.remote.HttpCommandExecutor.execute(HttpCommandExecutor.java:190)
at org.openqa.selenium.remote.service.DriverCommandExecutor.invokeExecute(DriverCommandExecutor.java:216)
at org.openqa.selenium.remote.service.DriverCommandExecutor.execute(DriverCommandExecutor.java:174)
at org.openqa.selenium.remote.RemoteWebDriver.execute(RemoteWebDriver.java:519)
at org.openqa.selenium.remote.RemoteWebElement.execute(RemoteWebElement.java:223)
at org.openqa.selenium.remote.RemoteWebElement.click(RemoteWebElement.java:76)
at SeleniumDemo.project1.Base.logOut(Base.java:31)
at SeleniumDemo.project1.SIPInterfaceSuite.AddMultipleDeleteAll(SIPInterfaceSuite.java:50)
at java.base/java.util.ArrayList.forEach(ArrayList.java:1511)
... Removed 32 stack frames]]>
    </failure>
  </testcase> <!-- AddMultipleDeleteAll -->
  <testcase classname="SeleniumDemo.project1.SIPInterfaceSuite" name="AddMultipleDeleteFew" time="195.519"/>
  <testcase classname="SeleniumDemo.project1.SIPInterfaceSuite" name="CopyAndSave" time="114.793"/>
  <testcase classname="SeleniumDemo.project1.SIPInterfaceSuite" name="EnterSIPAndPressBack" time="67.251"/>
  <testcase classname="SeleniumDemo.project1.SIPInterfaceSuite" name="SIPWithEmptyName" time="69.237"/>
  <testcase classname="SeleniumDemo.project1.SIPInterfaceSuite" name="SearchSIPInterface" time="127.703"/>
  <testcase classname="SeleniumDemo.project1.SIPInterfaceSuite" name="addEditDelete" time="108.402">
    <failure type="org.openqa.selenium.ElementClickInterceptedException" message="element click intercepted: Element &amp;lt;span class=&amp;quot;oj-button-icon oj-end oj-component-icon oj-button-menu-dropdown-icon&amp;quot; slot=&amp;quot;endIcon&amp;quot;&amp;gt;&amp;lt;/span&amp;gt; is not clickable at point (994, 16). Other element would receive the click: &amp;lt;div class=&amp;quot;oj-button-label&amp;quot;&amp;gt;...&amp;lt;/div&amp;gt;
  (Session info: chrome=122.0.6261.131)
Build info: version: &amp;apos;4.18.1&amp;apos;, revision: &amp;apos;b1d3319b48&amp;apos;
System info: os.name: &amp;apos;Windows 11&amp;apos;, os.arch: &amp;apos;amd64&amp;apos;, os.version: &amp;apos;10.0&amp;apos;, java.version: &amp;apos;17.0.10&amp;apos;
Driver info: org.openqa.selenium.chrome.ChromeDriver
Command: [06c86fd9b52aac5f957ba59ba455f3bc, clickElement {id=6CD602A2A96227A47BD29596A925CE8F_element_1851}]
Capabilities {acceptInsecureCerts: false, browserName: chrome, browserVersion: 122.0.6261.131, chrome: {chromedriverVersion: 121.0.6167.85 (3f98d690ad7e..., userDataDir: C:\Users\admin\AppData\Loca...}, fedcm:accounts: true, goog:chromeOptions: {debuggerAddress: localhost:64452}, networkConnectionEnabled: false, pageLoadStrategy: normal, platformName: windows, proxy: Proxy(), se:cdp: ws://localhost:64452/devtoo..., se:cdpVersion: 122.0.6261.131, setWindowRect: true, strictFileInteractability: false, timeouts: {implicit: 0, pageLoad: 300000, script: 30000}, unhandledPromptBehavior: dismiss and notify, webauthn:extension:credBlob: true, webauthn:extension:largeBlob: true, webauthn:extension:minPinLength: true, webauthn:extension:prf: true, webauthn:virtualAuthenticators: true}
Element: [[ChromeDriver: chrome on windows (06c86fd9b52aac5f957ba59ba455f3bc)] -&amp;gt; xpath: //button[@aria-label=&amp;apos;admin menu&amp;apos;]//span[@class=&amp;apos;oj-button-icon oj-end oj-component-icon oj-button-menu-dropdown-icon&amp;apos;]]
Session ID: 06c86fd9b52aac5f957ba59ba455f3bc">
      <![CDATA[org.openqa.selenium.ElementClickInterceptedException: element click intercepted: Element <span class="oj-button-icon oj-end oj-component-icon oj-button-menu-dropdown-icon" slot="endIcon"></span> is not clickable at point (994, 16). Other element would receive the click: <div class="oj-button-label">...</div>
  (Session info: chrome=122.0.6261.131)
Build info: version: '4.18.1', revision: 'b1d3319b48'
System info: os.name: 'Windows 11', os.arch: 'amd64', os.version: '10.0', java.version: '17.0.10'
Driver info: org.openqa.selenium.chrome.ChromeDriver
Command: [06c86fd9b52aac5f957ba59ba455f3bc, clickElement {id=6CD602A2A96227A47BD29596A925CE8F_element_1851}]
Capabilities {acceptInsecureCerts: false, browserName: chrome, browserVersion: 122.0.6261.131, chrome: {chromedriverVersion: 121.0.6167.85 (3f98d690ad7e..., userDataDir: C:\Users\admin\AppData\Loca...}, fedcm:accounts: true, goog:chromeOptions: {debuggerAddress: localhost:64452}, networkConnectionEnabled: false, pageLoadStrategy: normal, platformName: windows, proxy: Proxy(), se:cdp: ws://localhost:64452/devtoo..., se:cdpVersion: 122.0.6261.131, setWindowRect: true, strictFileInteractability: false, timeouts: {implicit: 0, pageLoad: 300000, script: 30000}, unhandledPromptBehavior: dismiss and notify, webauthn:extension:credBlob: true, webauthn:extension:largeBlob: true, webauthn:extension:minPinLength: true, webauthn:extension:prf: true, webauthn:virtualAuthenticators: true}
Element: [[ChromeDriver: chrome on windows (06c86fd9b52aac5f957ba59ba455f3bc)] -> xpath: //button[@aria-label='admin menu']//span[@class='oj-button-icon oj-end oj-component-icon oj-button-menu-dropdown-icon']]
Session ID: 06c86fd9b52aac5f957ba59ba455f3bc
at org.openqa.selenium.remote.ErrorCodec.decode(ErrorCodec.java:167)
at org.openqa.selenium.remote.codec.w3c.W3CHttpResponseCodec.decode(W3CHttpResponseCodec.java:138)
at org.openqa.selenium.remote.codec.w3c.W3CHttpResponseCodec.decode(W3CHttpResponseCodec.java:50)
at org.openqa.selenium.remote.HttpCommandExecutor.execute(HttpCommandExecutor.java:190)
at org.openqa.selenium.remote.service.DriverCommandExecutor.invokeExecute(DriverCommandExecutor.java:216)
at org.openqa.selenium.remote.service.DriverCommandExecutor.execute(DriverCommandExecutor.java:174)
at org.openqa.selenium.remote.RemoteWebDriver.execute(RemoteWebDriver.java:519)
at org.openqa.selenium.remote.RemoteWebElement.execute(RemoteWebElement.java:223)
at org.openqa.selenium.remote.RemoteWebElement.click(RemoteWebElement.java:76)
at SeleniumDemo.project1.Base.logOut(Base.java:31)
at SeleniumDemo.project1.SIPInterfaceSuite.addEditDelete(SIPInterfaceSuite.java:29)
at java.base/java.util.ArrayList.forEach(ArrayList.java:1511)
... Removed 32 stack frames]]>
    </failure>
  </testcase> <!-- addEditDelete -->
</testsuite> <!-- SIPINterface -->
