<?xml version="1.0" encoding="UTF-8"?>
<!-- Generated by org.testng.reporters.JUnitXMLReporter -->
<testsuite ignored="0" hostname="DESKTOP-H89CJ7B" failures="0" tests="7" name="SRSTest" time="557.04" errors="0" timestamp="2024-03-28T15:48:55 IST">
  <testcase classname="SeleniumDemo.project1.SessionRecordingServerSuite" name="SRSWithEmptyName" time="62.498"/>
  <testcase classname="SeleniumDemo.project1.SessionRecordingServerSuite" name="addEditDelete" time="68.561"/>
  <testcase classname="SeleniumDemo.project1.SessionRecordingServerSuite" name="addMultipleDeleteAll" time="74.425"/>
  <testcase classname="SeleniumDemo.project1.SessionRecordingServerSuite" name="addMultipleDeleteFew" time="140.578"/>
  <testcase classname="SeleniumDemo.project1.SessionRecordingServerSuite" name="copyAndSave" time="69.486"/>
  <testcase classname="SeleniumDemo.project1.SessionRecordingServerSuite" name="enterSRSAndPressBack" time="60.337"/>
  <testcase classname="SeleniumDemo.project1.SessionRecordingServerSuite" name="searchSRS" time="81.065"/>
</testsuite> <!-- SRSTest -->
