<?xml version="1.0" encoding="UTF-8"?>
<!-- Generated by org.testng.reporters.JUnitXMLReporter -->
<testsuite ignored="6" hostname="DESKTOP-H89CJ7B" failures="0" tests="1" name="Test(failed)(failed)" time="47.58" errors="0" timestamp="2024-03-15T13:19:09 IST">
  <testcase classname="SeleniumDemo.project1.FilterConfigSuite" name="AddEditDelete" time="47.522"/>
  <testcase classname="SeleniumDemo.project1.FilterConfigSuite" name="AddMultipleFilterConfigDeleteFew" time="0.0">
    <ignored/>
  </testcase> <!-- AddMultipleFilterConfigDeleteFew -->
  <testcase classname="SeleniumDemo.project1.FilterConfigSuite" name="SearchFilterConfig" time="0.0">
    <ignored/>
  </testcase> <!-- SearchFilterConfig -->
  <testcase classname="SeleniumDemo.project1.FilterConfigSuite" name="AddMultipleFilterConfigDeleteAll" time="0.0">
    <ignored/>
  </testcase> <!-- AddMultipleFilterConfigDeleteAll -->
  <testcase classname="SeleniumDemo.project1.FilterConfigSuite" name="EnterFilter_ConfigAndPressBack" time="0.0">
    <ignored/>
  </testcase> <!-- EnterFilter_ConfigAndPressBack -->
  <testcase classname="SeleniumDemo.project1.FilterConfigSuite" name="CopyAndSaveFilterConfig" time="0.0">
    <ignored/>
  </testcase> <!-- CopyAndSaveFilterConfig -->
  <testcase classname="SeleniumDemo.project1.FilterConfigSuite" name="FilterWithEmptyName" time="0.0">
    <ignored/>
  </testcase> <!-- FilterWithEmptyName -->
</testsuite> <!-- Test(failed)(failed) -->
