<?xml version="1.0" encoding="UTF-8"?>
<!-- Generated by org.testng.reporters.JUnitXMLReporter -->
<testsuite ignored="5" hostname="DESKTOP-H89CJ7B" failures="0" tests="2" name="Test(failed)" time="191.777" errors="0" timestamp="2024-03-25T18:18:45 IST">
  <testcase classname="SeleniumDemo.project1.TLSProfileSuite" name="addMultipleDeleteFew" time="125.391"/>
  <testcase classname="SeleniumDemo.project1.TLSProfileSuite" name="copyAndSave" time="66.303"/>
  <testcase classname="SeleniumDemo.project1.TLSProfileSuite" name="addEditDelete" time="0.0">
    <ignored/>
  </testcase> <!-- addEditDelete -->
  <testcase classname="SeleniumDemo.project1.TLSProfileSuite" name="TLSWithEmptyName" time="0.0">
    <ignored/>
  </testcase> <!-- TLSWithEmptyName -->
  <testcase classname="SeleniumDemo.project1.TLSProfileSuite" name="EnterTLS_AndPressBack" time="0.0">
    <ignored/>
  </testcase> <!-- EnterTLS_AndPressBack -->
  <testcase classname="SeleniumDemo.project1.TLSProfileSuite" name="search" time="0.0">
    <ignored/>
  </testcase> <!-- search -->
  <testcase classname="SeleniumDemo.project1.TLSProfileSuite" name="addMultipleDeleteAll" time="0.0">
    <ignored/>
  </testcase> <!-- addMultipleDeleteAll -->
</testsuite> <!-- Test(failed) -->
