<?xml version="1.0" encoding="UTF-8"?>
<testng-results ignored="0" total="2" passed="2" failed="0" skipped="0">
  <reporter-output>
  </reporter-output>
  <suite started-at="2024-03-26T16:00:48 IST" name="Failed suite [SessionAgentSuite]" finished-at="2024-03-26T16:04:39 IST" duration-ms="230682">
    <groups>
    </groups>
    <test started-at="2024-03-26T16:00:48 IST" name="Test(failed)" finished-at="2024-03-26T16:04:39 IST" duration-ms="230682">
      <class name="SeleniumDemo.project1.SessionAgentSuite">
        <test-method signature="EnterSessionAgentAndPressBack()[pri:0, instance:SeleniumDemo.project1.SessionAgentSuite@1151e434]" started-at="2024-03-26T16:00:48 IST" name="EnterSessionAgentAndPressBack" finished-at="2024-03-26T16:02:13 IST" duration-ms="85100" status="PASS">
          <reporter-output>
          </reporter-output>
        </test-method> <!-- EnterSessionAgentAndPressBack -->
        <test-method signature="AddMultipleDeleteAll()[pri:0, instance:SeleniumDemo.project1.SessionAgentSuite@1151e434]" started-at="2024-03-26T16:02:13 IST" name="AddMultipleDeleteAll" finished-at="2024-03-26T16:04:39 IST" duration-ms="145491" status="PASS">
          <reporter-output>
          </reporter-output>
        </test-method> <!-- AddMultipleDeleteAll -->
      </class> <!-- SeleniumDemo.project1.SessionAgentSuite -->
    </test> <!-- Test(failed) -->
  </suite> <!-- Failed suite [SessionAgentSuite] -->
</testng-results>
