<?xml version="1.0" encoding="UTF-8"?>
<!-- Generated by org.testng.reporters.JUnitXMLReporter -->
<testsuite ignored="0" hostname="DESKTOP-H89CJ7B" failures="0" tests="6" name="Test" time="423.696" errors="0" timestamp="2024-03-13T22:41:41 IST">
  <testcase classname="SeleniumDemo.project1.RealMSuiteTest" name="AddMultipleDeleteAll" time="88.427"/>
  <testcase classname="SeleniumDemo.project1.RealMSuiteTest" name="AddMultipleDeleteFew" time="99.436"/>
  <testcase classname="SeleniumDemo.project1.RealMSuiteTest" name="CopyAndSaveRealM" time="69.338"/>
  <testcase classname="SeleniumDemo.project1.RealMSuiteTest" name="EnterRealMAndPressBack" time="56.197"/>
  <testcase classname="SeleniumDemo.project1.RealMSuiteTest" name="RealMWithEmptyName" time="51.109"/>
  <testcase classname="SeleniumDemo.project1.RealMSuiteTest" name="addEditDelTest" time="59.088"/>
</testsuite> <!-- Test -->
