<?xml version="1.0" encoding="UTF-8"?>
<!-- Generated by org.testng.reporters.JUnitXMLReporter -->
<testsuite ignored="5" hostname="DESKTOP-H89CJ7B" failures="0" tests="2" name="SIPINterface(failed)" time="233.421" errors="0" timestamp="2024-03-26T21:24:15 IST">
  <testcase classname="SeleniumDemo.project1.SIPInterfaceSuite" name="addEditDelete" time="111.747"/>
  <testcase classname="SeleniumDemo.project1.SIPInterfaceSuite" name="AddMultipleDeleteAll" time="121.598"/>
  <testcase classname="SeleniumDemo.project1.SIPInterfaceSuite" name="AddMultipleDeleteFew" time="0.0">
    <ignored/>
  </testcase> <!-- AddMultipleDeleteFew -->
  <testcase classname="SeleniumDemo.project1.SIPInterfaceSuite" name="SIPWithEmptyName" time="0.0">
    <ignored/>
  </testcase> <!-- SIPWithEmptyName -->
  <testcase classname="SeleniumDemo.project1.SIPInterfaceSuite" name="SearchSIPInterface" time="0.0">
    <ignored/>
  </testcase> <!-- SearchSIPInterface -->
  <testcase classname="SeleniumDemo.project1.SIPInterfaceSuite" name="CopyAndSave" time="0.0">
    <ignored/>
  </testcase> <!-- CopyAndSave -->
  <testcase classname="SeleniumDemo.project1.SIPInterfaceSuite" name="EnterSIPAndPressBack" time="0.0">
    <ignored/>
  </testcase> <!-- EnterSIPAndPressBack -->
</testsuite> <!-- SIPINterface(failed) -->
