<?xml version="1.0" encoding="UTF-8"?>
<!-- Generated by org.testng.reporters.JUnitXMLReporter -->
<testsuite ignored="6" hostname="DESKTOP-H89CJ7B" failures="0" tests="1" name="Default test" time="184.3" errors="0" timestamp="2024-03-25T17:56:40 IST">
  <testcase classname="SeleniumDemo.project1.TLSProfileSuite" name="addEditDelete" time="184.231"/>
  <testcase classname="SeleniumDemo.project1.TLSProfileSuite" name="copyAndSave" time="0.0">
    <ignored/>
  </testcase> <!-- copyAndSave -->
  <testcase classname="SeleniumDemo.project1.TLSProfileSuite" name="TLSWithEmptyName" time="0.0">
    <ignored/>
  </testcase> <!-- TLSWithEmptyName -->
  <testcase classname="SeleniumDemo.project1.TLSProfileSuite" name="EnterTLS_AndPressBack" time="0.0">
    <ignored/>
  </testcase> <!-- EnterTLS_AndPressBack -->
  <testcase classname="SeleniumDemo.project1.TLSProfileSuite" name="search" time="0.0">
    <ignored/>
  </testcase> <!-- search -->
  <testcase classname="SeleniumDemo.project1.TLSProfileSuite" name="addMultipleDeleteAll" time="0.0">
    <ignored/>
  </testcase> <!-- addMultipleDeleteAll -->
  <testcase classname="SeleniumDemo.project1.TLSProfileSuite" name="addMultipleDeleteFew" time="0.0">
    <ignored/>
  </testcase> <!-- addMultipleDeleteFew -->
</testsuite> <!-- Default test -->
