<?xml version="1.0" encoding="UTF-8"?>
<!-- Generated by org.testng.reporters.JUnitXMLReporter -->
<testsuite ignored="1" hostname="DESKTOP-H89CJ7B" failures="0" tests="1" name="Default test" time="169.625" errors="0" timestamp="2024-03-19T20:20:48 IST">
  <testcase classname="SeleniumDemo.project1.SteeringPoolSuite" name="addMultipleDeleteAll" time="169.568"/>
  <testcase classname="SeleniumDemo.project1.SteeringPoolSuite" name="addEditDelete" time="0.0">
    <ignored/>
  </testcase> <!-- addEditDelete -->
</testsuite> <!-- Default test -->
