<?xml version="1.0" encoding="UTF-8"?>
<!-- Generated by org.testng.reporters.JUnitXMLReporter -->
<testsuite ignored="6" hostname="DESKTOP-H89CJ7B" failures="0" tests="1" name="Test(failed)" time="68.585" errors="0" timestamp="2024-03-15T13:34:24 IST">
  <testcase classname="SeleniumDemo.project1.CodecPolicySuite" name="SearchCodecPolicy" time="68.518"/>
  <testcase classname="SeleniumDemo.project1.CodecPolicySuite" name="EnterCodecAndPressBack" time="0.0">
    <ignored/>
  </testcase> <!-- EnterCodecAndPressBack -->
  <testcase classname="SeleniumDemo.project1.CodecPolicySuite" name="CopyAndSaveCodec" time="0.0">
    <ignored/>
  </testcase> <!-- CopyAndSaveCodec -->
  <testcase classname="SeleniumDemo.project1.CodecPolicySuite" name="AddMultipleDeleteAll" time="0.0">
    <ignored/>
  </testcase> <!-- AddMultipleDeleteAll -->
  <testcase classname="SeleniumDemo.project1.CodecPolicySuite" name="CodecWithEmptyName" time="0.0">
    <ignored/>
  </testcase> <!-- CodecWithEmptyName -->
  <testcase classname="SeleniumDemo.project1.CodecPolicySuite" name="addEditDel" time="0.0">
    <ignored/>
  </testcase> <!-- addEditDel -->
  <testcase classname="SeleniumDemo.project1.CodecPolicySuite" name="AddMultipleDeleteFew" time="0.0">
    <ignored/>
  </testcase> <!-- AddMultipleDeleteFew -->
</testsuite> <!-- Test(failed) -->
