<?xml version="1.0" encoding="UTF-8"?>
<!-- Generated by org.testng.reporters.JUnitXMLReporter -->
<testsuite ignored="6" hostname="DESKTOP-H89CJ7B" failures="1" tests="1" name="Test(failed)" time="59.202" errors="0" timestamp="2024-03-15T18:23:18 IST">
  <testcase classname="SeleniumDemo.project1.RealMSuite" name="SearchRealM" time="59.147">
    <failure type="java.lang.AssertionError">
      <![CDATA[java.lang.AssertionError
at SeleniumDemo.project1.RealMSuite.SearchRealM(RealMSuite.java:153)
at java.base/java.util.ArrayList.forEach(ArrayList.java:1511)
... Removed 27 stack frames]]>
    </failure>
  </testcase> <!-- SearchRealM -->
  <testcase classname="SeleniumDemo.project1.RealMSuite" name="RealMWithEmptyName" time="0.0">
    <ignored/>
  </testcase> <!-- RealMWithEmptyName -->
  <testcase classname="SeleniumDemo.project1.RealMSuite" name="addEditDelTest" time="0.0">
    <ignored/>
  </testcase> <!-- addEditDelTest -->
  <testcase classname="SeleniumDemo.project1.RealMSuite" name="AddMultipleDeleteAll" time="0.0">
    <ignored/>
  </testcase> <!-- AddMultipleDeleteAll -->
  <testcase classname="SeleniumDemo.project1.RealMSuite" name="CopyAndSaveRealM" time="0.0">
    <ignored/>
  </testcase> <!-- CopyAndSaveRealM -->
  <testcase classname="SeleniumDemo.project1.RealMSuite" name="AddMultipleDeleteFew" time="0.0">
    <ignored/>
  </testcase> <!-- AddMultipleDeleteFew -->
  <testcase classname="SeleniumDemo.project1.RealMSuite" name="EnterRealMAndPressBack" time="0.0">
    <ignored/>
  </testcase> <!-- EnterRealMAndPressBack -->
</testsuite> <!-- Test(failed) -->
