<?xml version="1.0" encoding="UTF-8"?>
<!-- Generated by org.testng.reporters.JUnitXMLReporter -->
<testsuite ignored="6" hostname="DESKTOP-H89CJ7B" failures="0" tests="1" name="Test(failed)" time="69.066" errors="0" timestamp="2024-03-15T16:46:03 IST">
  <testcase classname="SeleniumDemo.project1.MediaProfileSuite" name="EnterMediaProfileAndPressBack" time="68.96"/>
  <testcase classname="SeleniumDemo.project1.MediaProfileSuite" name="MediaProfileWithEmptyname" time="0.0">
    <ignored/>
  </testcase> <!-- MediaProfileWithEmptyname -->
  <testcase classname="SeleniumDemo.project1.MediaProfileSuite" name="AddMultipleDeleteAll" time="0.0">
    <ignored/>
  </testcase> <!-- AddMultipleDeleteAll -->
  <testcase classname="SeleniumDemo.project1.MediaProfileSuite" name="CopyAndSaveMediaProfile" time="0.0">
    <ignored/>
  </testcase> <!-- CopyAndSaveMediaProfile -->
  <testcase classname="SeleniumDemo.project1.MediaProfileSuite" name="SearchMediaProfile" time="0.0">
    <ignored/>
  </testcase> <!-- SearchMediaProfile -->
  <testcase classname="SeleniumDemo.project1.MediaProfileSuite" name="addEditDel" time="0.0">
    <ignored/>
  </testcase> <!-- addEditDel -->
  <testcase classname="SeleniumDemo.project1.MediaProfileSuite" name="AddMultipleDeleteFew" time="0.0">
    <ignored/>
  </testcase> <!-- AddMultipleDeleteFew -->
</testsuite> <!-- Test(failed) -->
