<?xml version="1.0" encoding="UTF-8"?>
<!-- Generated by org.testng.reporters.JUnitXMLReporter -->
<testsuite ignored="6" hostname="DESKTOP-H89CJ7B" failures="0" tests="1" name="LocalPolicyTest(failed)(failed)(failed)(failed)" time="105.113" errors="0" timestamp="2024-03-26T18:22:59 IST">
  <testcase classname="SeleniumDemo.project1.LocalPolicySuite" name="AddMultipleDeleteFew" time="105.053"/>
  <testcase classname="SeleniumDemo.project1.LocalPolicySuite" name="LocalPOlicyWithEmptyName" time="0.0">
    <ignored/>
  </testcase> <!-- LocalPOlicyWithEmptyName -->
  <testcase classname="SeleniumDemo.project1.LocalPolicySuite" name="CopyAndSave" time="0.0">
    <ignored/>
  </testcase> <!-- CopyAndSave -->
  <testcase classname="SeleniumDemo.project1.LocalPolicySuite" name="AddEditDelete" time="0.0">
    <ignored/>
  </testcase> <!-- AddEditDelete -->
  <testcase classname="SeleniumDemo.project1.LocalPolicySuite" name="SearchLocalPolicy" time="0.0">
    <ignored/>
  </testcase> <!-- SearchLocalPolicy -->
  <testcase classname="SeleniumDemo.project1.LocalPolicySuite" name="AddMultipleDeleteAll" time="0.0">
    <ignored/>
  </testcase> <!-- AddMultipleDeleteAll -->
  <testcase classname="SeleniumDemo.project1.LocalPolicySuite" name="EnterLocalPolicyAndPressBack" time="0.0">
    <ignored/>
  </testcase> <!-- EnterLocalPolicyAndPressBack -->
</testsuite> <!-- LocalPolicyTest(failed)(failed)(failed)(failed) -->
