<?xml version="1.0" encoding="UTF-8"?>
<!-- Generated by org.testng.reporters.JUnitXMLReporter -->
<testsuite ignored="6" hostname="DESKTOP-H89CJ7B" failures="0" tests="1" name="Test(failed)(failed)" time="52.663" errors="0" timestamp="2024-03-15T18:49:36 IST">
  <testcase classname="SeleniumDemo.project1.RealMSuite" name="SearchRealM" time="52.602"/>
  <testcase classname="SeleniumDemo.project1.RealMSuite" name="RealMWithEmptyName" time="0.0">
    <ignored/>
  </testcase> <!-- RealMWithEmptyName -->
  <testcase classname="SeleniumDemo.project1.RealMSuite" name="addEditDelTest" time="0.0">
    <ignored/>
  </testcase> <!-- addEditDelTest -->
  <testcase classname="SeleniumDemo.project1.RealMSuite" name="AddMultipleDeleteAll" time="0.0">
    <ignored/>
  </testcase> <!-- AddMultipleDeleteAll -->
  <testcase classname="SeleniumDemo.project1.RealMSuite" name="CopyAndSaveRealM" time="0.0">
    <ignored/>
  </testcase> <!-- CopyAndSaveRealM -->
  <testcase classname="SeleniumDemo.project1.RealMSuite" name="AddMultipleDeleteFew" time="0.0">
    <ignored/>
  </testcase> <!-- AddMultipleDeleteFew -->
  <testcase classname="SeleniumDemo.project1.RealMSuite" name="EnterRealMAndPressBack" time="0.0">
    <ignored/>
  </testcase> <!-- EnterRealMAndPressBack -->
</testsuite> <!-- Test(failed)(failed) -->
