<?xml version="1.0" encoding="UTF-8"?>
<!-- Generated by org.testng.reporters.JUnitXMLReporter -->
<testsuite ignored="6" hostname="DESKTOP-H89CJ7B" failures="0" tests="1" name="Test(failed)(failed)" time="114.294" errors="0" timestamp="2024-03-20T10:21:25 IST">
  <testcase classname="SeleniumDemo.project1.SteeringPoolSuite" name="enterEmptySP" time="114.213"/>
  <testcase classname="SeleniumDemo.project1.SteeringPoolSuite" name="searchSteeringPool" time="0.0">
    <ignored/>
  </testcase> <!-- searchSteeringPool -->
  <testcase classname="SeleniumDemo.project1.SteeringPoolSuite" name="addMultipleDeleteFew" time="0.0">
    <ignored/>
  </testcase> <!-- addMultipleDeleteFew -->
  <testcase classname="SeleniumDemo.project1.SteeringPoolSuite" name="CopyAndSave" time="0.0">
    <ignored/>
  </testcase> <!-- CopyAndSave -->
  <testcase classname="SeleniumDemo.project1.SteeringPoolSuite" name="addMultipleDeleteAll" time="0.0">
    <ignored/>
  </testcase> <!-- addMultipleDeleteAll -->
  <testcase classname="SeleniumDemo.project1.SteeringPoolSuite" name="addEditDelete" time="0.0">
    <ignored/>
  </testcase> <!-- addEditDelete -->
  <testcase classname="SeleniumDemo.project1.SteeringPoolSuite" name="enterSPAndPressBack" time="0.0">
    <ignored/>
  </testcase> <!-- enterSPAndPressBack -->
</testsuite> <!-- Test(failed)(failed) -->
