<?xml version="1.0" encoding="UTF-8"?>
<!-- Generated by org.testng.reporters.JUnitXMLReporter -->
<testsuite ignored="0" hostname="DESKTOP-H89CJ7B" failures="0" tests="6" name="Test" time="357.636" errors="0" timestamp="2024-03-14T16:34:51 IST">
  <testcase classname="SeleniumDemo.project1.CodecPolicySuite" name="AddMultipleDeleteAll" time="56.249"/>
  <testcase classname="SeleniumDemo.project1.CodecPolicySuite" name="AddMultipleDeleteFew" time="91.323"/>
  <testcase classname="SeleniumDemo.project1.CodecPolicySuite" name="CodecWithEmptyName" time="43.378"/>
  <testcase classname="SeleniumDemo.project1.CodecPolicySuite" name="CopyAndSaveCodec" time="61.493"/>
  <testcase classname="SeleniumDemo.project1.CodecPolicySuite" name="EnterCodecAndPressBack" time="49.583"/>
  <testcase classname="SeleniumDemo.project1.CodecPolicySuite" name="addEditDel" time="55.535"/>
</testsuite> <!-- Test -->
