<?xml version="1.0" encoding="UTF-8"?>
<!-- Generated by org.testng.reporters.JUnitXMLReporter -->
<testsuite ignored="0" hostname="DESKTOP-H89CJ7B" failures="1" tests="7" name="Test" time="412.759" errors="0" timestamp="2024-03-15T13:29:04 IST">
  <testcase classname="SeleniumDemo.project1.CodecPolicySuite" name="AddMultipleDeleteAll" time="54.636"/>
  <testcase classname="SeleniumDemo.project1.CodecPolicySuite" name="AddMultipleDeleteFew" time="85.178"/>
  <testcase classname="SeleniumDemo.project1.CodecPolicySuite" name="CodecWithEmptyName" time="38.373"/>
  <testcase classname="SeleniumDemo.project1.CodecPolicySuite" name="CopyAndSaveCodec" time="56.289"/>
  <testcase classname="SeleniumDemo.project1.CodecPolicySuite" name="EnterCodecAndPressBack" time="43.665"/>
  <testcase classname="SeleniumDemo.project1.CodecPolicySuite" name="SearchCodecPolicy" time="74.218">
    <failure type="org.openqa.selenium.ElementNotInteractableException" message="element not interactable
  (Session info: chrome=122.0.6261.112)
Build info: version: &amp;apos;4.18.1&amp;apos;, revision: &amp;apos;b1d3319b48&amp;apos;
System info: os.name: &amp;apos;Windows 11&amp;apos;, os.arch: &amp;apos;amd64&amp;apos;, os.version: &amp;apos;10.0&amp;apos;, java.version: &amp;apos;17.0.10&amp;apos;
Driver info: org.openqa.selenium.chrome.ChromeDriver
Command: [1122d1729dfe84c41047bef6525c5be9, clickElement {id=BBC68625C55C80423CD3E42A03D002CE_element_118}]
Capabilities {acceptInsecureCerts: false, browserName: chrome, browserVersion: 122.0.6261.112, chrome: {chromedriverVersion: 121.0.6167.85 (3f98d690ad7e..., userDataDir: C:\Users\admin\AppData\Loca...}, fedcm:accounts: true, goog:chromeOptions: {debuggerAddress: localhost:56459}, networkConnectionEnabled: false, pageLoadStrategy: normal, platformName: windows, proxy: Proxy(), se:cdp: ws://localhost:56459/devtoo..., se:cdpVersion: 122.0.6261.112, setWindowRect: true, strictFileInteractability: false, timeouts: {implicit: 0, pageLoad: 300000, script: 30000}, unhandledPromptBehavior: dismiss and notify, webauthn:extension:credBlob: true, webauthn:extension:largeBlob: true, webauthn:extension:minPinLength: true, webauthn:extension:prf: true, webauthn:virtualAuthenticators: true}
Element: [[ChromeDriver: chrome on windows (1122d1729dfe84c41047bef6525c5be9)] -&amp;gt; xpath: //a[@title=&amp;apos;media-manager&amp;apos;]//span[@class=&amp;apos;oj-navigationlist-item-label&amp;apos;][normalize-space()=&amp;apos;media-manager&amp;apos;]]
Session ID: 1122d1729dfe84c41047bef6525c5be9">
      <![CDATA[org.openqa.selenium.ElementNotInteractableException: element not interactable
  (Session info: chrome=122.0.6261.112)
Build info: version: '4.18.1', revision: 'b1d3319b48'
System info: os.name: 'Windows 11', os.arch: 'amd64', os.version: '10.0', java.version: '17.0.10'
Driver info: org.openqa.selenium.chrome.ChromeDriver
Command: [1122d1729dfe84c41047bef6525c5be9, clickElement {id=BBC68625C55C80423CD3E42A03D002CE_element_118}]
Capabilities {acceptInsecureCerts: false, browserName: chrome, browserVersion: 122.0.6261.112, chrome: {chromedriverVersion: 121.0.6167.85 (3f98d690ad7e..., userDataDir: C:\Users\admin\AppData\Loca...}, fedcm:accounts: true, goog:chromeOptions: {debuggerAddress: localhost:56459}, networkConnectionEnabled: false, pageLoadStrategy: normal, platformName: windows, proxy: Proxy(), se:cdp: ws://localhost:56459/devtoo..., se:cdpVersion: 122.0.6261.112, setWindowRect: true, strictFileInteractability: false, timeouts: {implicit: 0, pageLoad: 300000, script: 30000}, unhandledPromptBehavior: dismiss and notify, webauthn:extension:credBlob: true, webauthn:extension:largeBlob: true, webauthn:extension:minPinLength: true, webauthn:extension:prf: true, webauthn:virtualAuthenticators: true}
Element: [[ChromeDriver: chrome on windows (1122d1729dfe84c41047bef6525c5be9)] -> xpath: //a[@title='media-manager']//span[@class='oj-navigationlist-item-label'][normalize-space()='media-manager']]
Session ID: 1122d1729dfe84c41047bef6525c5be9
at org.openqa.selenium.remote.ErrorCodec.decode(ErrorCodec.java:167)
at org.openqa.selenium.remote.codec.w3c.W3CHttpResponseCodec.decode(W3CHttpResponseCodec.java:138)
at org.openqa.selenium.remote.codec.w3c.W3CHttpResponseCodec.decode(W3CHttpResponseCodec.java:50)
at org.openqa.selenium.remote.HttpCommandExecutor.execute(HttpCommandExecutor.java:190)
at org.openqa.selenium.remote.service.DriverCommandExecutor.invokeExecute(DriverCommandExecutor.java:216)
at org.openqa.selenium.remote.service.DriverCommandExecutor.execute(DriverCommandExecutor.java:174)
at org.openqa.selenium.remote.RemoteWebDriver.execute(RemoteWebDriver.java:519)
at org.openqa.selenium.remote.RemoteWebElement.execute(RemoteWebElement.java:223)
at org.openqa.selenium.remote.RemoteWebElement.click(RemoteWebElement.java:76)
at SeleniumDemo.project1.CodecPolicy.cleanUp(CodecPolicy.java:145)
at SeleniumDemo.project1.CodecPolicySuite.SearchCodecPolicy(CodecPolicySuite.java:164)
at java.base/java.util.ArrayList.forEach(ArrayList.java:1511)
... Removed 32 stack frames]]>
    </failure>
  </testcase> <!-- SearchCodecPolicy -->
  <testcase classname="SeleniumDemo.project1.CodecPolicySuite" name="addEditDel" time="60.31"/>
</testsuite> <!-- Test -->
