<?xml version="1.0" encoding="UTF-8"?>
<!-- Generated by org.testng.reporters.JUnitXMLReporter -->
<testsuite ignored="0" hostname="DESKTOP-H89CJ7B" failures="1" tests="7" name="Test" time="408.58" errors="0" timestamp="2024-03-15T17:42:09 IST">
  <testcase classname="SeleniumDemo.project1.RealMSuite" name="AddMultipleDeleteAll" time="76.028"/>
  <testcase classname="SeleniumDemo.project1.RealMSuite" name="AddMultipleDeleteFew" time="86.521"/>
  <testcase classname="SeleniumDemo.project1.RealMSuite" name="CopyAndSaveRealM" time="59.372"/>
  <testcase classname="SeleniumDemo.project1.RealMSuite" name="EnterRealMAndPressBack" time="46.719"/>
  <testcase classname="SeleniumDemo.project1.RealMSuite" name="RealMWithEmptyName" time="40.451"/>
  <testcase classname="SeleniumDemo.project1.RealMSuite" name="SearchRealM" time="49.116">
    <failure type="java.lang.AssertionError">
      <![CDATA[java.lang.AssertionError
at SeleniumDemo.project1.RealMSuite.SearchRealM(RealMSuite.java:153)
at java.base/java.util.ArrayList.forEach(ArrayList.java:1511)
... Removed 27 stack frames]]>
    </failure>
  </testcase> <!-- SearchRealM -->
  <testcase classname="SeleniumDemo.project1.RealMSuite" name="addEditDelTest" time="50.285"/>
</testsuite> <!-- Test -->
