<?xml version="1.0" encoding="UTF-8"?>
<!-- Generated by org.testng.reporters.JUnitXMLReporter -->
<testsuite ignored="0" hostname="DESKTOP-H89CJ7B" failures="0" tests="6" name="SipManipulationTest" time="366.244" errors="0" timestamp="2024-03-25T13:05:57 IST">
  <testcase classname="SeleniumDemo.project1.SIPManipulationSuite" name="EnterSIPManipulationAndPressBack" time="43.556"/>
  <testcase classname="SeleniumDemo.project1.SIPManipulationSuite" name="SIPManipulationWithEmptyName" time="37.147"/>
  <testcase classname="SeleniumDemo.project1.SIPManipulationSuite" name="addEditDel" time="50.764"/>
  <testcase classname="SeleniumDemo.project1.SIPManipulationSuite" name="addMultipleDeleteAll" time="54.253"/>
  <testcase classname="SeleniumDemo.project1.SIPManipulationSuite" name="addMultipleDeleteFew" time="127.552"/>
  <testcase classname="SeleniumDemo.project1.SIPManipulationSuite" name="copyAndSaveSIPManipulation" time="52.891"/>
</testsuite> <!-- SipManipulationTest -->
