<?xml version="1.0" encoding="UTF-8"?>
<!-- Generated by org.testng.reporters.JUnitXMLReporter -->
<testsuite ignored="0" hostname="DESKTOP-H89CJ7B" failures="0" tests="7" name="Test" time="398.242" errors="0" timestamp="2024-03-15T17:18:57 IST">
  <testcase classname="SeleniumDemo.project1.CodecPolicySuite" name="AddMultipleDeleteAll" time="54.372"/>
  <testcase classname="SeleniumDemo.project1.CodecPolicySuite" name="AddMultipleDeleteFew" time="85.623"/>
  <testcase classname="SeleniumDemo.project1.CodecPolicySuite" name="CodecWithEmptyName" time="42.283"/>
  <testcase classname="SeleniumDemo.project1.CodecPolicySuite" name="CopyAndSaveCodec" time="61.341"/>
  <testcase classname="SeleniumDemo.project1.CodecPolicySuite" name="EnterCodecAndPressBack" time="45.581"/>
  <testcase classname="SeleniumDemo.project1.CodecPolicySuite" name="SearchCodecPolicy" time="57.995"/>
  <testcase classname="SeleniumDemo.project1.CodecPolicySuite" name="addEditDel" time="50.954"/>
</testsuite> <!-- Test -->
